 File has been used for this event: Guardia_Post_Import_400.csv
 Type of the imported file: csv
 Revision of the which is used: 3
 Mode of event: Insert
 Total no of records: 397
 Rows handled on each iterations (Based on your server configuration): 1
 File used to import data into: post (Posts)
[2018-07-19 12:43:00] Message: Inserted post ID: 594,  Status: publish Categories: agua-muestreo  Click here to verify - Web View | Admin View 
[2018-07-19 12:47:23] Message: Inserted post ID: 595,  Status: publish Categories: agua-muestreo  Click here to verify - Web View | Admin View 
[2018-07-19 12:47:24] Message: Inserted post ID: 596,  Status: publish Categories: agua-muestreo  Click here to verify - Web View | Admin View 
[2018-07-19 12:47:24] Message: Inserted post ID: 597,  Status: publish Categories: agua-muestreo  Click here to verify - Web View | Admin View 
[2018-07-19 12:47:26] Message: Inserted post ID: 598,  Status: publish Categories: agua-muestreo  Click here to verify - Web View | Admin View 
[2018-07-19 12:48:30] Message: Inserted post ID: 599,  Status: publish Categories: agua-muestreo  Click here to verify - Web View | Admin View 
[2018-07-19 12:48:31] Message: Inserted post ID: 600,  Status: publish Categories: agua-muestreo  Click here to verify - Web View | Admin View 
[2018-07-19 12:48:32] Message: Inserted post ID: 601,  Status: publish Categories: agua-muestreo  Click here to verify - Web View | Admin View 
[2018-07-19 12:48:33] Message: Inserted post ID: 602,  Status: publish Categories: agua-muestreo  Click here to verify - Web View | Admin View 
[2018-07-19 12:48:33] Message: Inserted post ID: 603,  Status: publish Categories: agua-muestreo  Click here to verify - Web View | Admin View 
[2018-07-19 12:48:34] Message: Inserted post ID: 604,  Status: publish Categories: agua-muestreo  Click here to verify - Web View | Admin View 
[2018-07-19 12:48:35] Message: Inserted post ID: 605,  Status: publish Categories: agua-muestreo  Click here to verify - Web View | Admin View 
[2018-07-19 12:48:36] Message: Inserted post ID: 606,  Status: publish Categories: agua-muestreo  Click here to verify - Web View | Admin View 
[2018-07-19 12:48:37] Message: Inserted post ID: 607,  Status: publish Categories: agua-muestreo  Click here to verify - Web View | Admin View 
[2018-07-19 12:48:37] Message: Inserted post ID: 608,  Status: publish Categories: agua-muestreo  Click here to verify - Web View | Admin View 
[2018-07-19 12:48:38] Message: Inserted post ID: 609,  Status: publish Categories: agua-muestreo  Click here to verify - Web View | Admin View 
[2018-07-19 12:48:39] Message: Inserted post ID: 610,  Status: publish Categories: agua-muestreo  Click here to verify - Web View | Admin View 
[2018-07-19 12:48:40] Message: Inserted post ID: 611,  Status: publish Categories: agua-muestreo  Click here to verify - Web View | Admin View 
[2018-07-19 12:48:41] Message: Inserted post ID: 612,  Status: publish Categories: agua-muestreo  Click here to verify - Web View | Admin View 
[2018-07-19 12:48:41] Message: Inserted post ID: 613,  Status: publish Categories: agua-muestreo  Click here to verify - Web View | Admin View 
[2018-07-19 12:48:42] Message: Inserted post ID: 614,  Status: publish Categories: agua-muestreo  Click here to verify - Web View | Admin View 
[2018-07-19 12:48:43] Message: Inserted post ID: 615,  Status: publish Categories: agua-muestreo  Click here to verify - Web View | Admin View 
[2018-07-19 12:48:44] Message: Inserted post ID: 616,  Status: publish Categories: agua-muestreo  Click here to verify - Web View | Admin View 
[2018-07-19 12:48:45] Message: Inserted post ID: 617,  Status: publish Categories: agua-muestreo  Click here to verify - Web View | Admin View 
[2018-07-19 12:48:46] Message: Inserted post ID: 618,  Status: publish Categories: agua-muestreo  Click here to verify - Web View | Admin View 
[2018-07-19 12:48:47] Message: Inserted post ID: 619,  Status: publish Categories: agua-muestreo  Click here to verify - Web View | Admin View 
[2018-07-19 12:48:47] Message: Inserted post ID: 620,  Status: publish Categories: agua-muestreo  Click here to verify - Web View | Admin View 
[2018-07-19 12:48:48] Message: Inserted post ID: 621,  Status: publish Categories: agua-muestreo  Click here to verify - Web View | Admin View 
[2018-07-19 12:48:49] Message: Inserted post ID: 622,  Status: publish Categories: agua-muestreo  Click here to verify - Web View | Admin View 
[2018-07-19 12:48:50] Message: Inserted post ID: 623,  Status: publish Categories: agua-muestreo  Click here to verify - Web View | Admin View 
[2018-07-19 12:48:51] Message: Inserted post ID: 624,  Status: publish Categories: agua-muestreo  Click here to verify - Web View | Admin View 
[2018-07-19 12:48:51] Message: Inserted post ID: 625,  Status: publish Categories: agua-muestreo  Click here to verify - Web View | Admin View 
[2018-07-19 12:48:52] Message: Inserted post ID: 626,  Status: publish Categories: agua-muestreo  Click here to verify - Web View | Admin View 
[2018-07-19 12:48:53] Message: Inserted post ID: 627,  Status: publish Categories: agua-muestreo  Click here to verify - Web View | Admin View 
[2018-07-19 12:48:54] Message: Inserted post ID: 628,  Status: publish Categories: agua-muestreo  Click here to verify - Web View | Admin View 
[2018-07-19 12:48:55] Message: Inserted post ID: 629,  Status: publish Categories: agua-muestreo  Click here to verify - Web View | Admin View 
[2018-07-19 12:48:56] Message: Inserted post ID: 630,  Status: publish Categories: agua-muestreo  Click here to verify - Web View | Admin View 
[2018-07-19 12:48:56] Message: Inserted post ID: 631,  Status: publish Categories: agua-muestreo  Click here to verify - Web View | Admin View 
[2018-07-19 12:48:57] Message: Inserted post ID: 632,  Status: publish Categories: agua-muestreo  Click here to verify - Web View | Admin View 
[2018-07-19 12:48:58] Message: Inserted post ID: 633,  Status: publish Categories: agua-muestreo  Click here to verify - Web View | Admin View 
[2018-07-19 12:48:59] Message: Inserted post ID: 634,  Status: publish Categories: agua-muestreo  Click here to verify - Web View | Admin View 
[2018-07-19 12:49:01] Message: Inserted post ID: 635,  Status: publish Categories: agua-muestreo  Click here to verify - Web View | Admin View 
[2018-07-19 12:49:03] Message: Inserted post ID: 636,  Status: publish Categories: agua-muestreo  Click here to verify - Web View | Admin View 
[2018-07-19 12:49:06] Message: Inserted post ID: 637,  Status: publish Categories: agua-muestreo  Click here to verify - Web View | Admin View 
[2018-07-19 12:49:08] Message: Inserted post ID: 638,  Status: publish Categories: agua-muestreo  Click here to verify - Web View | Admin View 
[2018-07-19 12:49:10] Message: Inserted post ID: 639,  Status: publish Categories: agua-muestreo  Click here to verify - Web View | Admin View 
[2018-07-19 12:49:11] Message: Inserted post ID: 640,  Status: publish Categories: agua-muestreo  Click here to verify - Web View | Admin View 
[2018-07-19 12:49:12] Message: Inserted post ID: 641,  Status: publish Categories: agua-muestreo  Click here to verify - Web View | Admin View 
[2018-07-19 12:49:13] Message: Inserted post ID: 642,  Status: publish Categories: agua-muestreo  Click here to verify - Web View | Admin View 
[2018-07-19 12:49:16] Message: Inserted post ID: 643,  Status: publish Categories: agua-muestreo  Click here to verify - Web View | Admin View 
[2018-07-19 12:49:20] Message: Inserted post ID: 644,  Status: publish Categories: agua-muestreo  Click here to verify - Web View | Admin View 
[2018-07-19 12:49:22] Message: Inserted post ID: 645,  Status: publish Categories: agua-muestreo  Click here to verify - Web View | Admin View 
[2018-07-19 12:49:23] Message: Inserted post ID: 646,  Status: publish Categories: agua-muestreo  Click here to verify - Web View | Admin View 
[2018-07-19 12:49:24] Message: Inserted post ID: 647,  Status: publish Categories: agua-muestreo  Click here to verify - Web View | Admin View 
[2018-07-19 12:49:25] Message: Inserted post ID: 648,  Status: publish Categories: agua-muestreo  Click here to verify - Web View | Admin View 
[2018-07-19 12:49:26] Message: Inserted post ID: 649,  Status: publish Categories: agua-muestreo  Click here to verify - Web View | Admin View 
[2018-07-19 12:49:27] Message: Inserted post ID: 650,  Status: publish Categories: agua-muestreo  Click here to verify - Web View | Admin View 
[2018-07-19 12:49:28] Message: Inserted post ID: 651,  Status: publish Categories: agua-muestreo  Click here to verify - Web View | Admin View 
[2018-07-19 12:49:30] Message: Inserted post ID: 652,  Status: publish Categories: agua-muestreo  Click here to verify - Web View | Admin View 
[2018-07-19 12:49:33] Message: Inserted post ID: 653,  Status: publish Categories: agua-muestreo  Click here to verify - Web View | Admin View 
[2018-07-19 12:49:35] Message: Inserted post ID: 654,  Status: publish Categories: agua-muestreo  Click here to verify - Web View | Admin View 
[2018-07-19 12:49:36] Message: Inserted post ID: 655,  Status: publish Categories: agua-muestreo  Click here to verify - Web View | Admin View 
[2018-07-19 12:49:37] Message: Inserted post ID: 656,  Status: publish Categories: agua-muestreo  Click here to verify - Web View | Admin View 
[2018-07-19 12:49:38] Message: Inserted post ID: 657,  Status: publish Categories: agua-muestreo  Click here to verify - Web View | Admin View 
[2018-07-19 12:49:40] Message: Inserted post ID: 658,  Status: publish Categories: agua-muestreo  Click here to verify - Web View | Admin View 
[2018-07-19 12:49:41] Message: Inserted post ID: 659,  Status: publish Categories: agua-muestreo  Click here to verify - Web View | Admin View 
[2018-07-19 12:49:42] Message: Inserted post ID: 660,  Status: publish Categories: agua-muestreo  Click here to verify - Web View | Admin View 
[2018-07-19 12:49:43] Message: Inserted post ID: 661,  Status: publish Categories: agua-muestreo  Click here to verify - Web View | Admin View 
[2018-07-19 12:49:44] Message: Inserted post ID: 662,  Status: publish Categories: agua-muestreo  Click here to verify - Web View | Admin View 
[2018-07-19 12:49:45] Message: Inserted post ID: 663,  Status: publish Categories: agua-muestreo  Click here to verify - Web View | Admin View 
[2018-07-19 12:49:46] Message: Inserted post ID: 664,  Status: publish Categories: agua-muestreo  Click here to verify - Web View | Admin View 
[2018-07-19 12:49:47] Message: Inserted post ID: 665,  Status: publish Categories: agua-muestreo  Click here to verify - Web View | Admin View 
[2018-07-19 12:49:48] Message: Inserted post ID: 666,  Status: publish Categories: agua-muestreo  Click here to verify - Web View | Admin View 
[2018-07-19 12:49:55] Message: Inserted post ID: 667,  Status: publish Categories: agua-muestreo  Click here to verify - Web View | Admin View 
[2018-07-19 12:49:57] Message: Inserted post ID: 668,  Status: publish Categories: agua-muestreo  Click here to verify - Web View | Admin View 
[2018-07-19 12:49:58] Message: Inserted post ID: 669,  Status: publish Categories: agua-muestreo  Click here to verify - Web View | Admin View 
[2018-07-19 12:49:59] Message: Inserted post ID: 670,  Status: publish Categories: agua-muestreo  Click here to verify - Web View | Admin View 
[2018-07-19 12:50:00] Message: Inserted post ID: 671,  Status: publish Categories: agua-muestreo  Click here to verify - Web View | Admin View 
[2018-07-19 12:50:00] Message: Inserted post ID: 672,  Status: publish Categories: agua-muestreo  Click here to verify - Web View | Admin View 
[2018-07-19 12:50:01] Message: Inserted post ID: 673,  Status: publish Categories: agua-muestreo  Click here to verify - Web View | Admin View 
[2018-07-19 12:50:02] Message: Inserted post ID: 674,  Status: publish Categories: agua-muestreo  Click here to verify - Web View | Admin View 
[2018-07-19 12:50:03] Message: Inserted post ID: 675,  Status: publish Categories: agua-muestreo  Click here to verify - Web View | Admin View 
[2018-07-19 12:50:04] Message: Inserted post ID: 676,  Status: publish Categories: agua-muestreo  Click here to verify - Web View | Admin View 
[2018-07-19 12:50:04] Message: Inserted post ID: 677,  Status: publish Categories: agua-muestreo  Click here to verify - Web View | Admin View 
[2018-07-19 12:50:05] Message: Inserted post ID: 678,  Status: publish Categories: agua-muestreo  Click here to verify - Web View | Admin View 
[2018-07-19 12:50:06] Message: Inserted post ID: 679,  Status: publish Categories: agua-muestreo  Click here to verify - Web View | Admin View 
[2018-07-19 12:50:07] Message: Inserted post ID: 680,  Status: publish Categories: agua-muestreo  Click here to verify - Web View | Admin View 
[2018-07-19 12:50:08] Message: Inserted post ID: 681,  Status: publish Categories: agua-muestreo  Click here to verify - Web View | Admin View 
[2018-07-19 12:50:09] Message: Inserted post ID: 682,  Status: publish Categories: agua-muestreo  Click here to verify - Web View | Admin View 
[2018-07-19 12:50:09] Message: Inserted post ID: 683,  Status: publish Categories: agua-muestreo  Click here to verify - Web View | Admin View 
[2018-07-19 12:50:10] Message: Inserted post ID: 684,  Status: publish Categories: agua-muestreo  Click here to verify - Web View | Admin View 
[2018-07-19 12:50:11] Message: Inserted post ID: 685,  Status: publish Categories: agua-muestreo  Click here to verify - Web View | Admin View 
[2018-07-19 12:50:12] Message: Inserted post ID: 686,  Status: publish Categories: agua-muestreo  Click here to verify - Web View | Admin View 
[2018-07-19 12:50:12] Message: Inserted post ID: 687,  Status: publish Categories: agua-muestreo  Click here to verify - Web View | Admin View 
[2018-07-19 12:50:13] Message: Inserted post ID: 688,  Status: publish Categories: agua-muestreo  Click here to verify - Web View | Admin View 
[2018-07-19 12:50:14] Message: Inserted post ID: 689,  Status: publish Categories: agua-muestreo  Click here to verify - Web View | Admin View 
[2018-07-19 12:50:15] Message: Inserted post ID: 690,  Status: publish Categories: agua-muestreo  Click here to verify - Web View | Admin View 
[2018-07-19 12:50:15] Message: Inserted post ID: 691,  Status: publish Categories: agua-muestreo  Click here to verify - Web View | Admin View 
[2018-07-19 12:50:16] Message: Inserted post ID: 692,  Status: publish Categories: agua-muestreo  Click here to verify - Web View | Admin View 
[2018-07-19 12:50:17] Message: Inserted post ID: 693,  Status: publish Categories: agua-muestreo  Click here to verify - Web View | Admin View 
[2018-07-19 12:50:18] Message: Inserted post ID: 694,  Status: publish Categories: agua-muestreo  Click here to verify - Web View | Admin View 
[2018-07-19 12:50:20] Message: Inserted post ID: 695,  Status: publish Categories: agua-muestreo  Click here to verify - Web View | Admin View 
[2018-07-19 12:50:21] Message: Inserted post ID: 696,  Status: publish Categories: agua-muestreo  Click here to verify - Web View | Admin View 
[2018-07-19 12:50:23] Message: Inserted post ID: 697,  Status: publish Categories: agua-muestreo  Click here to verify - Web View | Admin View 
[2018-07-19 12:50:24] Message: Inserted post ID: 698,  Status: publish Categories: agua-muestreo  Click here to verify - Web View | Admin View 
[2018-07-19 12:50:25] Message: Inserted post ID: 699,  Status: publish Categories: agua-muestreo  Click here to verify - Web View | Admin View 
[2018-07-19 12:50:27] Message: Inserted post ID: 700,  Status: publish Categories: agua-muestreo  Click here to verify - Web View | Admin View 
[2018-07-19 12:50:28] Message: Inserted post ID: 701,  Status: publish Categories: agua-muestreo  Click here to verify - Web View | Admin View 
[2018-07-19 12:50:29] Message: Inserted post ID: 702,  Status: publish Categories: agua-muestreo  Click here to verify - Web View | Admin View 
[2018-07-19 12:50:31] Message: Inserted post ID: 703,  Status: publish Categories: agua-muestreo  Click here to verify - Web View | Admin View 
[2018-07-19 12:50:32] Message: Inserted post ID: 704,  Status: publish Categories: agua-muestreo  Click here to verify - Web View | Admin View 
[2018-07-19 12:50:33] Message: Inserted post ID: 705,  Status: publish Categories: agua-muestreo  Click here to verify - Web View | Admin View 
[2018-07-19 12:50:34] Message: Inserted post ID: 706,  Status: publish Categories: agua-muestreo  Click here to verify - Web View | Admin View 
[2018-07-19 12:50:35] Message: Inserted post ID: 707,  Status: publish Categories: agua-muestreo  Click here to verify - Web View | Admin View 
[2018-07-19 12:50:36] Message: Inserted post ID: 708,  Status: publish Categories: agua-muestreo  Click here to verify - Web View | Admin View 
[2018-07-19 12:50:41] Message: Inserted post ID: 709,  Status: publish Categories: agua-muestreo  Click here to verify - Web View | Admin View 
[2018-07-19 12:50:47] Message: Inserted post ID: 710,  Status: publish Categories: agua-muestreo  Click here to verify - Web View | Admin View 
[2018-07-19 12:50:49] Message: Inserted post ID: 711,  Status: publish Categories: agua-muestreo  Click here to verify - Web View | Admin View 
[2018-07-19 12:50:55] Message: Inserted post ID: 712,  Status: publish Categories: agua-muestreo  Click here to verify - Web View | Admin View 
[2018-07-19 12:50:56] Message: Inserted post ID: 713,  Status: publish Categories: agua-muestreo  Click here to verify - Web View | Admin View 
[2018-07-19 12:50:56] Message: Inserted post ID: 714,  Status: publish Categories: agua-muestreo  Click here to verify - Web View | Admin View 
[2018-07-19 12:50:57] Message: Inserted post ID: 715,  Status: publish Categories: agua-muestreo  Click here to verify - Web View | Admin View 
[2018-07-19 12:50:58] Message: Inserted post ID: 716,  Status: publish Categories: agua-muestreo  Click here to verify - Web View | Admin View 
[2018-07-19 12:50:59] Message: Inserted post ID: 717,  Status: publish Categories: agua-muestreo  Click here to verify - Web View | Admin View 
[2018-07-19 12:51:00] Message: Inserted post ID: 718,  Status: publish Categories: agua-muestreo  Click here to verify - Web View | Admin View 
[2018-07-19 12:51:00] Message: Inserted post ID: 719,  Status: publish Categories: agua-muestreo  Click here to verify - Web View | Admin View 
[2018-07-19 12:51:01] Message: Inserted post ID: 720,  Status: publish Categories: agua-muestreo  Click here to verify - Web View | Admin View 
[2018-07-19 12:51:02] Message: Inserted post ID: 721,  Status: publish Categories: agua-muestreo  Click here to verify - Web View | Admin View 
[2018-07-19 12:51:03] Message: Inserted post ID: 722,  Status: publish Categories: agua-muestreo  Click here to verify - Web View | Admin View 
[2018-07-19 12:51:04] Message: Inserted post ID: 723,  Status: publish Categories: agua-muestreo  Click here to verify - Web View | Admin View 
[2018-07-19 12:51:04] Message: Inserted post ID: 724,  Status: publish Categories: agua-muestreo  Click here to verify - Web View | Admin View 
[2018-07-19 12:51:05] Message: Inserted post ID: 725,  Status: publish Categories: agua-muestreo  Click here to verify - Web View | Admin View 
[2018-07-19 12:51:06] Message: Inserted post ID: 726,  Status: publish Categories: agua-muestreo  Click here to verify - Web View | Admin View 
[2018-07-19 12:51:07] Message: Inserted post ID: 727,  Status: publish Categories: agua-muestreo  Click here to verify - Web View | Admin View 
[2018-07-19 12:51:08] Message: Inserted post ID: 728,  Status: publish Categories: agua-muestreo  Click here to verify - Web View | Admin View 
[2018-07-19 12:51:09] Message: Inserted post ID: 729,  Status: publish Categories: agua-muestreo  Click here to verify - Web View | Admin View 
[2018-07-19 12:51:10] Message: Inserted post ID: 730,  Status: publish Categories: agua-muestreo  Click here to verify - Web View | Admin View 
[2018-07-19 12:51:10] Message: Inserted post ID: 731,  Status: publish Categories: agua-muestreo  Click here to verify - Web View | Admin View 
[2018-07-19 12:51:11] Message: Inserted post ID: 732,  Status: publish Categories: agua-muestreo  Click here to verify - Web View | Admin View 
[2018-07-19 12:51:12] Message: Inserted post ID: 733,  Status: publish Categories: agua-muestreo  Click here to verify - Web View | Admin View 
[2018-07-19 12:51:13] Message: Inserted post ID: 734,  Status: publish Categories: agua-muestreo  Click here to verify - Web View | Admin View 
[2018-07-19 12:51:14] Message: Inserted post ID: 735,  Status: publish Categories: agua-muestreo  Click here to verify - Web View | Admin View 
[2018-07-19 12:51:15] Message: Inserted post ID: 736,  Status: publish Categories: agua-muestreo  Click here to verify - Web View | Admin View 
[2018-07-19 12:51:15] Message: Inserted post ID: 737,  Status: publish Categories: agua-muestreo  Click here to verify - Web View | Admin View 
[2018-07-19 12:51:16] Message: Inserted post ID: 738,  Status: publish Categories: agua-muestreo  Click here to verify - Web View | Admin View 
[2018-07-19 12:51:17] Message: Inserted post ID: 739,  Status: publish Categories: agua-muestreo  Click here to verify - Web View | Admin View 
[2018-07-19 12:51:18] Message: Inserted post ID: 740,  Status: publish Categories: agua-muestreo  Click here to verify - Web View | Admin View 
[2018-07-19 12:51:19] Message: Inserted post ID: 741,  Status: publish Categories: agua-muestreo  Click here to verify - Web View | Admin View 
[2018-07-19 12:51:20] Message: Inserted post ID: 742,  Status: publish Categories: agua-muestreo  Click here to verify - Web View | Admin View 
[2018-07-19 12:51:20] Message: Inserted post ID: 743,  Status: publish Categories: agua-muestreo  Click here to verify - Web View | Admin View 
[2018-07-19 12:51:21] Message: Inserted post ID: 744,  Status: publish Categories: agua-muestreo  Click here to verify - Web View | Admin View 
[2018-07-19 12:51:22] Message: Inserted post ID: 745,  Status: publish Categories: agua-muestreo  Click here to verify - Web View | Admin View 
[2018-07-19 12:51:23] Message: Inserted post ID: 746,  Status: publish Categories: agua-muestreo  Click here to verify - Web View | Admin View 
[2018-07-19 12:51:24] Message: Inserted post ID: 747,  Status: publish Categories: agua-muestreo  Click here to verify - Web View | Admin View 
[2018-07-19 12:51:25] Message: Inserted post ID: 748,  Status: publish Categories: agua-muestreo  Click here to verify - Web View | Admin View 
[2018-07-19 12:51:25] Message: Inserted post ID: 749,  Status: publish Categories: agua-muestreo  Click here to verify - Web View | Admin View 
[2018-07-19 12:51:26] Message: Inserted post ID: 750,  Status: publish Categories: agua-muestreo  Click here to verify - Web View | Admin View 
[2018-07-19 12:51:27] Message: Inserted post ID: 751,  Status: publish Categories: agua-muestreo  Click here to verify - Web View | Admin View 
[2018-07-19 12:51:28] Message: Inserted post ID: 752,  Status: publish Categories: agua-muestreo  Click here to verify - Web View | Admin View 
[2018-07-19 12:51:29] Message: Inserted post ID: 753,  Status: publish Categories: agua-muestreo  Click here to verify - Web View | Admin View 
[2018-07-19 12:51:30] Message: Inserted post ID: 754,  Status: publish Categories: agua-muestreo  Click here to verify - Web View | Admin View 
[2018-07-19 12:51:30] Message: Inserted post ID: 755,  Status: publish Categories: agua-muestreo  Click here to verify - Web View | Admin View 
[2018-07-19 12:51:31] Message: Inserted post ID: 756,  Status: publish Categories: agua-muestreo  Click here to verify - Web View | Admin View 
[2018-07-19 12:51:32] Message: Inserted post ID: 757,  Status: publish Categories: agua-muestreo  Click here to verify - Web View | Admin View 
[2018-07-19 12:51:33] Message: Inserted post ID: 758,  Status: publish Categories: agua-muestreo  Click here to verify - Web View | Admin View 
[2018-07-19 12:51:33] Message: Inserted post ID: 759,  Status: publish Categories: agua-muestreo  Click here to verify - Web View | Admin View 
[2018-07-19 12:51:34] Message: Inserted post ID: 760,  Status: publish Categories: agua-muestreo  Click here to verify - Web View | Admin View 
[2018-07-19 12:51:35] Message: Inserted post ID: 761,  Status: publish Categories: agua-muestreo  Click here to verify - Web View | Admin View 
[2018-07-19 12:51:36] Message: Inserted post ID: 762,  Status: publish Categories: agua-muestreo  Click here to verify - Web View | Admin View 
[2018-07-19 12:51:37] Message: Inserted post ID: 763,  Status: publish Categories: agua-muestreo  Click here to verify - Web View | Admin View 
[2018-07-19 12:51:38] Message: Inserted post ID: 764,  Status: publish Categories: agua-muestreo  Click here to verify - Web View | Admin View 
[2018-07-19 12:51:39] Message: Inserted post ID: 765,  Status: publish Categories: agua-muestreo  Click here to verify - Web View | Admin View 
[2018-07-19 12:51:40] Message: Inserted post ID: 766,  Status: publish Categories: agua-muestreo  Click here to verify - Web View | Admin View 
[2018-07-19 12:51:41] Message: Inserted post ID: 767,  Status: publish Categories: agua-muestreo  Click here to verify - Web View | Admin View 
[2018-07-19 12:51:42] Message: Inserted post ID: 768,  Status: publish Categories: agua-muestreo  Click here to verify - Web View | Admin View 
[2018-07-19 12:51:42] Message: Inserted post ID: 769,  Status: publish Categories: agua-muestreo  Click here to verify - Web View | Admin View 
[2018-07-19 12:51:43] Message: Inserted post ID: 770,  Status: publish Categories: agua-muestreo  Click here to verify - Web View | Admin View 
[2018-07-19 12:51:44] Message: Inserted post ID: 771,  Status: publish Categories: agua-muestreo  Click here to verify - Web View | Admin View 
[2018-07-19 12:51:45] Message: Inserted post ID: 772,  Status: publish Categories: agua-muestreo  Click here to verify - Web View | Admin View 
[2018-07-19 12:51:45] Message: Inserted post ID: 773,  Status: publish Categories: agua-muestreo  Click here to verify - Web View | Admin View 
[2018-07-19 12:51:46] Message: Inserted post ID: 774,  Status: publish Categories: agua-muestreo  Click here to verify - Web View | Admin View 
[2018-07-19 12:51:47] Message: Inserted post ID: 775,  Status: publish Categories: agua-muestreo  Click here to verify - Web View | Admin View 
[2018-07-19 12:51:48] Message: Inserted post ID: 776,  Status: publish Categories: agua-muestreo  Click here to verify - Web View | Admin View 
[2018-07-19 12:51:48] Message: Inserted post ID: 777,  Status: publish Categories: agua-muestreo  Click here to verify - Web View | Admin View 
[2018-07-19 12:51:49] Message: Inserted post ID: 778,  Status: publish Categories: agua-muestreo  Click here to verify - Web View | Admin View 
[2018-07-19 12:51:50] Message: Inserted post ID: 779,  Status: publish Categories: agua-muestreo  Click here to verify - Web View | Admin View 
[2018-07-19 12:51:51] Message: Inserted post ID: 780,  Status: publish Categories: agua-muestreo  Click here to verify - Web View | Admin View 
[2018-07-19 12:51:52] Message: Inserted post ID: 781,  Status: publish Categories: agua-muestreo  Click here to verify - Web View | Admin View 
[2018-07-19 12:51:53] Message: Inserted post ID: 782,  Status: publish Categories: agua-muestreo  Click here to verify - Web View | Admin View 
[2018-07-19 12:51:53] Message: Inserted post ID: 783,  Status: publish Categories: agua-muestreo  Click here to verify - Web View | Admin View 
[2018-07-19 12:51:54] Message: Inserted post ID: 784,  Status: publish Categories: agua-muestreo  Click here to verify - Web View | Admin View 
[2018-07-19 12:51:55] Message: Inserted post ID: 785,  Status: publish Categories: agua-muestreo  Click here to verify - Web View | Admin View 
[2018-07-19 12:51:56] Message: Inserted post ID: 786,  Status: publish Categories: agua-muestreo  Click here to verify - Web View | Admin View 
[2018-07-19 12:51:57] Message: Inserted post ID: 787,  Status: publish Categories: agua-muestreo  Click here to verify - Web View | Admin View 
[2018-07-19 12:51:58] Message: Inserted post ID: 788,  Status: publish Categories: agua-muestreo  Click here to verify - Web View | Admin View 
[2018-07-19 12:51:58] Message: Inserted post ID: 789,  Status: publish Categories: agua-muestreo  Click here to verify - Web View | Admin View 
[2018-07-19 12:51:59] Message: Inserted post ID: 790,  Status: publish Categories: agua-muestreo  Click here to verify - Web View | Admin View 
[2018-07-19 12:52:00] Message: Inserted post ID: 791,  Status: publish Categories: agua-muestreo  Click here to verify - Web View | Admin View 
[2018-07-19 12:52:01] Message: Inserted post ID: 792,  Status: publish Categories: agua-muestreo  Click here to verify - Web View | Admin View 
[2018-07-19 12:52:02] Message: Inserted post ID: 793,  Status: publish Categories: agua-muestreo  Click here to verify - Web View | Admin View 
[2018-07-19 12:52:03] Message: Inserted post ID: 794,  Status: publish Categories: agua-muestreo  Click here to verify - Web View | Admin View 
[2018-07-19 12:52:04] Message: Inserted post ID: 795,  Status: publish Categories: agua-muestreo  Click here to verify - Web View | Admin View 
[2018-07-19 12:52:05] Message: Inserted post ID: 796,  Status: publish Categories: agua-muestreo  Click here to verify - Web View | Admin View 
[2018-07-19 12:52:05] Message: Inserted post ID: 797,  Status: publish Categories: agua-muestreo  Click here to verify - Web View | Admin View 
[2018-07-19 12:52:06] Message: Inserted post ID: 798,  Status: publish Categories: agua-muestreo  Click here to verify - Web View | Admin View 
[2018-07-19 12:52:07] Message: Inserted post ID: 799,  Status: publish Categories: agua-muestreo  Click here to verify - Web View | Admin View 
[2018-07-19 12:52:08] Message: Inserted post ID: 800,  Status: publish Categories: agua-muestreo  Click here to verify - Web View | Admin View 
[2018-07-19 12:52:09] Message: Inserted post ID: 801,  Status: publish Categories: agua-muestreo  Click here to verify - Web View | Admin View 
[2018-07-19 12:52:09] Message: Inserted post ID: 802,  Status: publish Categories: agua-muestreo  Click here to verify - Web View | Admin View 
[2018-07-19 12:52:10] Message: Inserted post ID: 803,  Status: publish Categories: agua-muestreo  Click here to verify - Web View | Admin View 
[2018-07-19 12:52:11] Message: Inserted post ID: 804,  Status: publish Categories: agua-muestreo  Click here to verify - Web View | Admin View 
[2018-07-19 12:52:12] Message: Inserted post ID: 805,  Status: publish Categories: agua-muestreo  Click here to verify - Web View | Admin View 
[2018-07-19 12:52:13] Message: Inserted post ID: 806,  Status: publish Categories: agua-muestreo  Click here to verify - Web View | Admin View 
[2018-07-19 12:52:13] Message: Inserted post ID: 807,  Status: publish Categories: agua-muestreo  Click here to verify - Web View | Admin View 
[2018-07-19 12:52:15] Message: Inserted post ID: 808,  Status: publish Categories: agua-muestreo  Click here to verify - Web View | Admin View 
[2018-07-19 12:52:15] Message: Inserted post ID: 809,  Status: publish Categories: agua-muestreo  Click here to verify - Web View | Admin View 
[2018-07-19 12:52:17] Message: Inserted post ID: 810,  Status: publish Categories: agua-muestreo  Click here to verify - Web View | Admin View 
[2018-07-19 12:52:17] Message: Inserted post ID: 811,  Status: publish Categories: agua-muestreo  Click here to verify - Web View | Admin View 
[2018-07-19 12:52:18] Message: Inserted post ID: 812,  Status: publish Categories: agua-muestreo  Click here to verify - Web View | Admin View 
[2018-07-19 12:52:19] Message: Inserted post ID: 813,  Status: publish Categories: agua-muestreo  Click here to verify - Web View | Admin View 
[2018-07-19 12:52:20] Message: Inserted post ID: 814,  Status: publish Categories: agua-muestreo  Click here to verify - Web View | Admin View 
[2018-07-19 12:52:21] Message: Inserted post ID: 815,  Status: publish Categories: agua-muestreo  Click here to verify - Web View | Admin View 
[2018-07-19 12:52:22] Message: Inserted post ID: 816,  Status: publish Categories: agua-muestreo  Click here to verify - Web View | Admin View 
[2018-07-19 12:52:22] Message: Inserted post ID: 817,  Status: publish Categories: agua-muestreo  Click here to verify - Web View | Admin View 
[2018-07-19 12:52:23] Message: Inserted post ID: 818,  Status: publish Categories: agua-muestreo  Click here to verify - Web View | Admin View 
[2018-07-19 12:52:24] Message: Inserted post ID: 819,  Status: publish Categories: agua-muestreo  Click here to verify - Web View | Admin View 
[2018-07-19 12:52:25] Message: Inserted post ID: 820,  Status: publish Categories: agua-muestreo  Click here to verify - Web View | Admin View 
[2018-07-19 12:52:26] Message: Inserted post ID: 821,  Status: publish Categories: agua-muestreo  Click here to verify - Web View | Admin View 
[2018-07-19 12:52:27] Message: Inserted post ID: 822,  Status: publish Categories: agua-muestreo  Click here to verify - Web View | Admin View 
[2018-07-19 12:52:28] Message: Inserted post ID: 823,  Status: publish Categories: agua-muestreo  Click here to verify - Web View | Admin View 
[2018-07-19 12:52:29] Message: Inserted post ID: 824,  Status: publish Categories: agua-muestreo  Click here to verify - Web View | Admin View 
[2018-07-19 12:52:30] Message: Inserted post ID: 825,  Status: publish Categories: agua-muestreo  Click here to verify - Web View | Admin View 
[2018-07-19 12:52:31] Message: Inserted post ID: 826,  Status: publish Categories: agua-muestreo  Click here to verify - Web View | Admin View 
[2018-07-19 12:52:31] Message: Inserted post ID: 827,  Status: publish Categories: agua-muestreo  Click here to verify - Web View | Admin View 
[2018-07-19 12:52:32] Message: Inserted post ID: 828,  Status: publish Categories: agua-muestreo  Click here to verify - Web View | Admin View 
[2018-07-19 12:52:33] Message: Inserted post ID: 829,  Status: publish Categories: agua-muestreo  Click here to verify - Web View | Admin View 
[2018-07-19 12:52:34] Message: Inserted post ID: 830,  Status: publish Categories: agua-muestreo  Click here to verify - Web View | Admin View 
[2018-07-19 12:52:35] Message: Inserted post ID: 831,  Status: publish Categories: agua-muestreo  Click here to verify - Web View | Admin View 
[2018-07-19 12:52:36] Message: Inserted post ID: 832,  Status: publish Categories: agua-muestreo  Click here to verify - Web View | Admin View 
[2018-07-19 12:52:37] Message: Inserted post ID: 833,  Status: publish Categories: agua-muestreo  Click here to verify - Web View | Admin View 
[2018-07-19 12:52:38] Message: Inserted post ID: 834,  Status: publish Categories: agua-muestreo  Click here to verify - Web View | Admin View 
[2018-07-19 12:52:39] Message: Inserted post ID: 835,  Status: publish Categories: agua-muestreo  Click here to verify - Web View | Admin View 
[2018-07-19 12:52:40] Message: Inserted post ID: 836,  Status: publish Categories: agua-muestreo  Click here to verify - Web View | Admin View 
[2018-07-19 12:52:40] Message: Inserted post ID: 837,  Status: publish Categories: agua-muestreo  Click here to verify - Web View | Admin View 
[2018-07-19 12:52:41] Message: Inserted post ID: 838,  Status: publish Categories: agua-muestreo  Click here to verify - Web View | Admin View 
[2018-07-19 12:52:42] Message: Inserted post ID: 839,  Status: publish Categories: agua-muestreo  Click here to verify - Web View | Admin View 
[2018-07-19 12:52:43] Message: Inserted post ID: 840,  Status: publish Categories: agua-muestreo  Click here to verify - Web View | Admin View 
[2018-07-19 12:52:44] Message: Inserted post ID: 841,  Status: publish Categories: agua-muestreo  Click here to verify - Web View | Admin View 
[2018-07-19 12:52:45] Message: Inserted post ID: 842,  Status: publish Categories: agua-muestreo  Click here to verify - Web View | Admin View 
[2018-07-19 12:52:46] Message: Inserted post ID: 843,  Status: publish Categories: agua-muestreo  Click here to verify - Web View | Admin View 
[2018-07-19 12:52:47] Message: Inserted post ID: 844,  Status: publish Categories: agua-muestreo  Click here to verify - Web View | Admin View 
[2018-07-19 12:52:47] Message: Inserted post ID: 845,  Status: publish Categories: agua-muestreo  Click here to verify - Web View | Admin View 
[2018-07-19 12:52:48] Message: Inserted post ID: 846,  Status: publish Categories: agua-muestreo  Click here to verify - Web View | Admin View 
[2018-07-19 12:52:49] Message: Inserted post ID: 847,  Status: publish Categories: agua-muestreo  Click here to verify - Web View | Admin View 
[2018-07-19 12:52:50] Message: Inserted post ID: 848,  Status: publish Categories: agua-muestreo  Click here to verify - Web View | Admin View 
[2018-07-19 12:52:51] Message: Inserted post ID: 849,  Status: publish Categories: agua-muestreo  Click here to verify - Web View | Admin View 
[2018-07-19 12:52:52] Message: Inserted post ID: 850,  Status: publish Categories: agua-muestreo  Click here to verify - Web View | Admin View 
[2018-07-19 12:52:53] Message: Inserted post ID: 851,  Status: publish Categories: agua-muestreo  Click here to verify - Web View | Admin View 
[2018-07-19 12:52:54] Message: Inserted post ID: 852,  Status: publish Categories: agua-muestreo  Click here to verify - Web View | Admin View 
[2018-07-19 12:52:54] Message: Inserted post ID: 853,  Status: publish Categories: agua-muestreo  Click here to verify - Web View | Admin View 
[2018-07-19 12:52:55] Message: Inserted post ID: 854,  Status: publish Categories: agua-muestreo  Click here to verify - Web View | Admin View 
[2018-07-19 12:52:56] Message: Inserted post ID: 855,  Status: publish Categories: agua-muestreo  Click here to verify - Web View | Admin View 
[2018-07-19 12:52:57] Message: Inserted post ID: 856,  Status: publish Categories: agua-muestreo  Click here to verify - Web View | Admin View 
[2018-07-19 12:52:58] Message: Inserted post ID: 857,  Status: publish Categories: agua-muestreo  Click here to verify - Web View | Admin View 
[2018-07-19 12:52:59] Message: Inserted post ID: 858,  Status: publish Categories: agua-muestreo  Click here to verify - Web View | Admin View 
[2018-07-19 12:53:00] Message: Inserted post ID: 859,  Status: publish Categories: agua-muestreo  Click here to verify - Web View | Admin View 
[2018-07-19 12:53:01] Message: Inserted post ID: 860,  Status: publish Categories: agua-muestreo  Click here to verify - Web View | Admin View 
[2018-07-19 12:53:01] Message: Inserted post ID: 861,  Status: publish Categories: agua-muestreo  Click here to verify - Web View | Admin View 
[2018-07-19 12:53:02] Message: Inserted post ID: 862,  Status: publish Categories: agua-muestreo  Click here to verify - Web View | Admin View 
[2018-07-19 12:53:03] Message: Inserted post ID: 863,  Status: publish Categories: agua-muestreo  Click here to verify - Web View | Admin View 
[2018-07-19 12:53:04] Message: Inserted post ID: 864,  Status: publish Categories: agua-muestreo  Click here to verify - Web View | Admin View 
[2018-07-19 12:53:05] Message: Inserted post ID: 865,  Status: publish Categories: agua-muestreo  Click here to verify - Web View | Admin View 
[2018-07-19 12:53:06] Message: Inserted post ID: 866,  Status: publish Categories: agua-muestreo  Click here to verify - Web View | Admin View 
[2018-07-19 12:53:07] Message: Inserted post ID: 867,  Status: publish Categories: agua-muestreo  Click here to verify - Web View | Admin View 
[2018-07-19 12:53:08] Message: Inserted post ID: 868,  Status: publish Categories: agua-muestreo  Click here to verify - Web View | Admin View 
[2018-07-19 12:53:09] Message: Inserted post ID: 869,  Status: publish Categories: agua-muestreo  Click here to verify - Web View | Admin View 
[2018-07-19 12:53:10] Message: Inserted post ID: 870,  Status: publish Categories: agua-muestreo  Click here to verify - Web View | Admin View 
[2018-07-19 12:53:10] Message: Inserted post ID: 871,  Status: publish Categories: agua-muestreo  Click here to verify - Web View | Admin View 
[2018-07-19 12:53:11] Message: Inserted post ID: 872,  Status: publish Categories: agua-muestreo  Click here to verify - Web View | Admin View 
[2018-07-19 12:53:12] Message: Inserted post ID: 873,  Status: publish Categories: agua-muestreo  Click here to verify - Web View | Admin View 
[2018-07-19 12:53:13] Message: Inserted post ID: 874,  Status: publish Categories: agua-muestreo  Click here to verify - Web View | Admin View 
[2018-07-19 12:53:14] Message: Inserted post ID: 875,  Status: publish Categories: agua-muestreo  Click here to verify - Web View | Admin View 
[2018-07-19 12:53:15] Message: Inserted post ID: 876,  Status: publish Categories: agua-muestreo  Click here to verify - Web View | Admin View 
[2018-07-19 12:53:16] Message: Inserted post ID: 877,  Status: publish Categories: agua-muestreo  Click here to verify - Web View | Admin View 
[2018-07-19 12:53:16] Message: Inserted post ID: 878,  Status: publish Categories: agua-muestreo  Click here to verify - Web View | Admin View 
[2018-07-19 12:53:17] Message: Inserted post ID: 879,  Status: publish Categories: agua-muestreo  Click here to verify - Web View | Admin View 
[2018-07-19 12:53:18] Message: Inserted post ID: 880,  Status: publish Categories: agua-muestreo  Click here to verify - Web View | Admin View 
[2018-07-19 12:53:19] Message: Inserted post ID: 881,  Status: publish Categories: agua-muestreo  Click here to verify - Web View | Admin View 
[2018-07-19 12:53:20] Message: Inserted post ID: 882,  Status: publish Categories: agua-muestreo  Click here to verify - Web View | Admin View 
[2018-07-19 12:53:21] Message: Inserted post ID: 883,  Status: publish Categories: agua-muestreo  Click here to verify - Web View | Admin View 
[2018-07-19 12:53:22] Message: Inserted post ID: 884,  Status: publish Categories: agua-muestreo  Click here to verify - Web View | Admin View 
[2018-07-19 12:53:22] Message: Inserted post ID: 885,  Status: publish Categories: agua-muestreo  Click here to verify - Web View | Admin View 
[2018-07-19 12:53:24] Message: Inserted post ID: 886,  Status: publish Categories: agua-muestreo  Click here to verify - Web View | Admin View 
[2018-07-19 12:53:24] Message: Inserted post ID: 887,  Status: publish Categories: agua-muestreo  Click here to verify - Web View | Admin View 
[2018-07-19 12:53:25] Message: Inserted post ID: 888,  Status: publish Categories: agua-muestreo  Click here to verify - Web View | Admin View 
[2018-07-19 12:53:26] Message: Inserted post ID: 889,  Status: publish Categories: agua-muestreo  Click here to verify - Web View | Admin View 
[2018-07-19 12:53:27] Message: Inserted post ID: 890,  Status: publish Categories: agua-muestreo  Click here to verify - Web View | Admin View 
[2018-07-19 12:53:28] Message: Inserted post ID: 891,  Status: publish Categories: agua-muestreo  Click here to verify - Web View | Admin View 
[2018-07-19 12:53:29] Message: Inserted post ID: 892,  Status: publish Categories: agua-muestreo  Click here to verify - Web View | Admin View 
[2018-07-19 12:53:30] Message: Inserted post ID: 893,  Status: publish Categories: agua-muestreo  Click here to verify - Web View | Admin View 
[2018-07-19 12:53:31] Message: Inserted post ID: 894,  Status: publish Categories: agua-muestreo  Click here to verify - Web View | Admin View 
[2018-07-19 12:53:32] Message: Inserted post ID: 895,  Status: publish Categories: agua-muestreo  Click here to verify - Web View | Admin View 
[2018-07-19 12:53:33] Message: Inserted post ID: 896,  Status: publish Categories: agua-muestreo  Click here to verify - Web View | Admin View 
[2018-07-19 12:53:34] Message: Inserted post ID: 897,  Status: publish Categories: agua-muestreo  Click here to verify - Web View | Admin View 
[2018-07-19 12:53:35] Message: Inserted post ID: 898,  Status: publish Categories: agua-muestreo  Click here to verify - Web View | Admin View 
[2018-07-19 12:53:36] Message: Inserted post ID: 899,  Status: publish Categories: agua-muestreo  Click here to verify - Web View | Admin View 
[2018-07-19 12:53:37] Message: Inserted post ID: 900,  Status: publish Categories: agua-muestreo  Click here to verify - Web View | Admin View 
[2018-07-19 12:53:37] Message: Inserted post ID: 901,  Status: publish Categories: agua-muestreo  Click here to verify - Web View | Admin View 
[2018-07-19 12:53:38] Message: Inserted post ID: 902,  Status: publish Categories: agua-muestreo  Click here to verify - Web View | Admin View 
[2018-07-19 12:53:39] Message: Inserted post ID: 903,  Status: publish Categories: agua-muestreo  Click here to verify - Web View | Admin View 
[2018-07-19 12:53:40] Message: Inserted post ID: 904,  Status: publish Categories: agua-muestreo  Click here to verify - Web View | Admin View 
[2018-07-19 12:53:41] Message: Inserted post ID: 905,  Status: publish Categories: agua-muestreo  Click here to verify - Web View | Admin View 
[2018-07-19 12:53:42] Message: Inserted post ID: 906,  Status: publish Categories: agua-muestreo  Click here to verify - Web View | Admin View 
[2018-07-19 12:53:42] Message: Inserted post ID: 907,  Status: publish Categories: agua-muestreo  Click here to verify - Web View | Admin View 
[2018-07-19 12:53:44] Message: Inserted post ID: 908,  Status: publish Categories: agua-muestreo  Click here to verify - Web View | Admin View 
[2018-07-19 12:53:44] Message: Inserted post ID: 909,  Status: publish Categories: agua-muestreo  Click here to verify - Web View | Admin View 
[2018-07-19 12:53:45] Message: Inserted post ID: 910,  Status: publish Categories: agua-muestreo  Click here to verify - Web View | Admin View 
[2018-07-19 12:53:46] Message: Inserted post ID: 911,  Status: publish Categories: agua-muestreo  Click here to verify - Web View | Admin View 
[2018-07-19 12:53:47] Message: Inserted post ID: 912,  Status: publish Categories: agua-muestreo  Click here to verify - Web View | Admin View 
[2018-07-19 12:53:48] Message: Inserted post ID: 913,  Status: publish Categories: agua-muestreo  Click here to verify - Web View | Admin View 
[2018-07-19 12:53:49] Message: Inserted post ID: 914,  Status: publish Categories: agua-muestreo  Click here to verify - Web View | Admin View 
[2018-07-19 12:53:50] Message: Inserted post ID: 915,  Status: publish Categories: agua-muestreo  Click here to verify - Web View | Admin View 
[2018-07-19 12:53:51] Message: Inserted post ID: 916,  Status: publish Categories: agua-muestreo  Click here to verify - Web View | Admin View 
[2018-07-19 12:53:52] Message: Inserted post ID: 917,  Status: publish Categories: agua-muestreo  Click here to verify - Web View | Admin View 
[2018-07-19 12:53:53] Message: Inserted post ID: 918,  Status: publish Categories: agua-muestreo  Click here to verify - Web View | Admin View 
[2018-07-19 12:53:54] Message: Inserted post ID: 919,  Status: publish Categories: agua-muestreo  Click here to verify - Web View | Admin View 
[2018-07-19 12:53:55] Message: Inserted post ID: 920,  Status: publish Categories: agua-muestreo  Click here to verify - Web View | Admin View 
[2018-07-19 12:53:56] Message: Inserted post ID: 921,  Status: publish Categories: agua-muestreo  Click here to verify - Web View | Admin View 
[2018-07-19 12:53:57] Message: Inserted post ID: 922,  Status: publish Categories: agua-muestreo  Click here to verify - Web View | Admin View 
[2018-07-19 12:53:58] Message: Inserted post ID: 923,  Status: publish Categories: agua-muestreo  Click here to verify - Web View | Admin View 
[2018-07-19 12:53:59] Message: Inserted post ID: 924,  Status: publish Categories: agua-muestreo  Click here to verify - Web View | Admin View 
[2018-07-19 12:54:00] Message: Inserted post ID: 925,  Status: publish Categories: agua-muestreo  Click here to verify - Web View | Admin View 
[2018-07-19 12:54:01] Message: Inserted post ID: 926,  Status: publish Categories: agua-muestreo  Click here to verify - Web View | Admin View 
[2018-07-19 12:54:02] Message: Inserted post ID: 927,  Status: publish Categories: agua-muestreo  Click here to verify - Web View | Admin View 
[2018-07-19 12:54:03] Message: Inserted post ID: 928,  Status: publish Categories: agua-muestreo  Click here to verify - Web View | Admin View 
[2018-07-19 12:54:03] Message: Inserted post ID: 929,  Status: publish Categories: agua-muestreo  Click here to verify - Web View | Admin View 
[2018-07-19 12:54:04] Message: Inserted post ID: 930,  Status: publish Categories: agua-muestreo  Click here to verify - Web View | Admin View 
[2018-07-19 12:54:05] Message: Inserted post ID: 931,  Status: publish Categories: agua-muestreo  Click here to verify - Web View | Admin View 
[2018-07-19 12:54:07] Message: Inserted post ID: 932,  Status: publish Categories: agua-muestreo  Click here to verify - Web View | Admin View 
[2018-07-19 12:54:07] Message: Inserted post ID: 933,  Status: publish Categories: agua-muestreo  Click here to verify - Web View | Admin View 
[2018-07-19 12:54:08] Message: Inserted post ID: 934,  Status: publish Categories: agua-muestreo  Click here to verify - Web View | Admin View 
[2018-07-19 12:54:09] Message: Inserted post ID: 935,  Status: publish Categories: agua-muestreo  Click here to verify - Web View | Admin View 
[2018-07-19 12:54:10] Message: Inserted post ID: 936,  Status: publish Categories: agua-muestreo  Click here to verify - Web View | Admin View 
[2018-07-19 12:54:11] Message: Inserted post ID: 937,  Status: publish Categories: agua-muestreo  Click here to verify - Web View | Admin View 
[2018-07-19 12:54:12] Message: Inserted post ID: 938,  Status: publish Categories: agua-muestreo  Click here to verify - Web View | Admin View 
[2018-07-19 12:54:13] Message: Inserted post ID: 939,  Status: publish Categories: agua-muestreo  Click here to verify - Web View | Admin View 
[2018-07-19 12:54:14] Message: Inserted post ID: 940,  Status: publish Categories: agua-muestreo  Click here to verify - Web View | Admin View 
[2018-07-19 12:54:15] Message: Inserted post ID: 941,  Status: publish Categories: agua-muestreo  Click here to verify - Web View | Admin View 
[2018-07-19 12:54:16] Message: Inserted post ID: 942,  Status: publish Categories: agua-muestreo  Click here to verify - Web View | Admin View 
[2018-07-19 12:54:16] Message: Inserted post ID: 943,  Status: publish Categories: agua-muestreo  Click here to verify - Web View | Admin View 
[2018-07-19 12:54:17] Message: Inserted post ID: 944,  Status: publish Categories: agua-muestreo  Click here to verify - Web View | Admin View 
[2018-07-19 12:54:18] Message: Inserted post ID: 945,  Status: publish Categories: agua-muestreo  Click here to verify - Web View | Admin View 
[2018-07-19 12:54:19] Message: Inserted post ID: 946,  Status: publish Categories: agua-muestreo  Click here to verify - Web View | Admin View 
[2018-07-19 12:54:20] Message: Inserted post ID: 947,  Status: publish Categories: agua-muestreo  Click here to verify - Web View | Admin View 
[2018-07-19 12:54:21] Message: Inserted post ID: 948,  Status: publish Categories: agua-muestreo  Click here to verify - Web View | Admin View 
[2018-07-19 12:54:22] Message: Inserted post ID: 949,  Status: publish Categories: agua-muestreo  Click here to verify - Web View | Admin View 
[2018-07-19 12:54:23] Message: Inserted post ID: 950,  Status: publish Categories: agua-muestreo  Click here to verify - Web View | Admin View 
[2018-07-19 12:54:24] Message: Inserted post ID: 951,  Status: publish Categories: agua-muestreo  Click here to verify - Web View | Admin View 
[2018-07-19 12:54:25] Message: Inserted post ID: 952,  Status: publish Categories: agua-muestreo  Click here to verify - Web View | Admin View 
[2018-07-19 12:54:26] Message: Inserted post ID: 953,  Status: publish Categories: agua-muestreo  Click here to verify - Web View | Admin View 
[2018-07-19 12:54:27] Message: Inserted post ID: 954,  Status: publish Categories: agua-muestreo  Click here to verify - Web View | Admin View 
[2018-07-19 12:54:28] Message: Inserted post ID: 955,  Status: publish Categories: agua-muestreo  Click here to verify - Web View | Admin View 
[2018-07-19 12:54:29] Message: Inserted post ID: 956,  Status: publish Categories: agua-muestreo  Click here to verify - Web View | Admin View 
[2018-07-19 12:54:29] Message: Inserted post ID: 957,  Status: publish Categories: agua-muestreo  Click here to verify - Web View | Admin View 
[2018-07-19 12:54:30] Message: Inserted post ID: 958,  Status: publish Categories: agua-muestreo  Click here to verify - Web View | Admin View 
[2018-07-19 12:54:31] Message: Inserted post ID: 959,  Status: publish Categories: agua-muestreo  Click here to verify - Web View | Admin View 
[2018-07-19 12:54:32] Message: Inserted post ID: 960,  Status: publish Categories: agua-muestreo  Click here to verify - Web View | Admin View 
[2018-07-19 12:54:33] Message: Inserted post ID: 961,  Status: publish Categories: agua-muestreo  Click here to verify - Web View | Admin View 
[2018-07-19 12:54:34] Message: Inserted post ID: 962,  Status: publish Categories: agua-muestreo  Click here to verify - Web View | Admin View 
[2018-07-19 12:54:35] Message: Inserted post ID: 963,  Status: publish Categories: agua-muestreo  Click here to verify - Web View | Admin View 
[2018-07-19 12:54:37] Message: Inserted post ID: 964,  Status: publish Categories: agua-muestreo  Click here to verify - Web View | Admin View 
[2018-07-19 12:54:37] Message: Inserted post ID: 965,  Status: publish Categories: agua-muestreo  Click here to verify - Web View | Admin View 
[2018-07-19 12:54:38] Message: Inserted post ID: 966,  Status: publish Categories: agua-muestreo  Click here to verify - Web View | Admin View 
[2018-07-19 12:54:39] Message: Inserted post ID: 967,  Status: publish Categories: agua-muestreo  Click here to verify - Web View | Admin View 
[2018-07-19 12:54:40] Message: Inserted post ID: 968,  Status: publish Categories: agua-muestreo  Click here to verify - Web View | Admin View 
[2018-07-19 12:54:41] Message: Inserted post ID: 969,  Status: publish Categories: agua-muestreo  Click here to verify - Web View | Admin View 
[2018-07-19 12:54:42] Message: Inserted post ID: 970,  Status: publish Categories: agua-muestreo  Click here to verify - Web View | Admin View 
[2018-07-19 12:54:43] Message: Inserted post ID: 971,  Status: publish Categories: agua-muestreo  Click here to verify - Web View | Admin View 
[2018-07-19 12:54:44] Message: Inserted post ID: 972,  Status: publish Categories: agua-muestreo  Click here to verify - Web View | Admin View 
[2018-07-19 12:54:45] Message: Inserted post ID: 973,  Status: publish Categories: agua-muestreo  Click here to verify - Web View | Admin View 
[2018-07-19 12:54:46] Message: Inserted post ID: 974,  Status: publish Categories: agua-muestreo  Click here to verify - Web View | Admin View 
[2018-07-19 12:54:46] Message: Inserted post ID: 975,  Status: publish Categories: agua-muestreo  Click here to verify - Web View | Admin View 
[2018-07-19 12:54:48] Message: Inserted post ID: 976,  Status: publish Categories: agua-muestreo  Click here to verify - Web View | Admin View 
[2018-07-19 12:54:48] Message: Inserted post ID: 977,  Status: publish Categories: agua-muestreo  Click here to verify - Web View | Admin View 
[2018-07-19 12:54:50] Message: Inserted post ID: 978,  Status: publish Categories: agua-muestreo  Click here to verify - Web View | Admin View 
[2018-07-19 12:54:50] Message: Inserted post ID: 979,  Status: publish Categories: agua-muestreo  Click here to verify - Web View | Admin View 
[2018-07-19 12:54:51] Message: Inserted post ID: 980,  Status: publish Categories: agua-muestreo  Click here to verify - Web View | Admin View 
[2018-07-19 12:54:52] Message: Inserted post ID: 981,  Status: publish Categories: agua-muestreo  Click here to verify - Web View | Admin View 
[2018-07-19 12:54:53] Message: Inserted post ID: 982,  Status: publish Categories: agua-muestreo  Click here to verify - Web View | Admin View 
[2018-07-19 12:54:54] Message: Inserted post ID: 983,  Status: publish Categories: agua-muestreo  Click here to verify - Web View | Admin View 
[2018-07-19 12:54:55] Message: Inserted post ID: 984,  Status: publish Categories: agua-muestreo  Click here to verify - Web View | Admin View 
[2018-07-19 12:54:56] Message: Inserted post ID: 985,  Status: publish Categories: agua-muestreo  Click here to verify - Web View | Admin View 
[2018-07-19 12:54:57] Message: Inserted post ID: 986,  Status: publish Categories: agua-muestreo  Click here to verify - Web View | Admin View 
[2018-07-19 12:54:57] Message: Inserted post ID: 987,  Status: publish Categories: agua-muestreo  Click here to verify - Web View | Admin View 
[2018-07-19 12:54:58] Message: Inserted post ID: 988,  Status: publish Categories: agua-muestreo  Click here to verify - Web View | Admin View 
[2018-07-19 12:54:59] Message: Inserted post ID: 989,  Status: publish Categories: agua-muestreo  Click here to verify - Web View | Admin View 
[2018-07-19 12:55:00] Message: Inserted post ID: 990,  Status: publish Categories: agua-muestreo  Click here to verify - Web View | Admin View 
